2021-11-09 15:33:42,076 - aqt.main - INFO - installer 4595719680 aqtinstall(aqt) v1.2.5 on Python 3.9.6 [CPython Clang 12.0.5 (clang-1205.0.22.9)]
2021-11-09 15:33:42,076 - aqt.main - WARNING - installer 4595719680 Specified target combination is not valid or unknown: mac android x86
2021-11-09 15:33:42,308 - aqt.archives - ERROR - archives 4595719680 Specified packages are not found while parsing XML of package information!
2021-11-09 15:33:54,111 - aqt.main - INFO - installer 4541754880 aqtinstall(aqt) v1.2.5 on Python 3.9.6 [CPython Clang 12.0.5 (clang-1205.0.22.9)]
2021-11-09 15:33:54,111 - aqt.main - WARNING - installer 4541754880 Specified target combination is not valid or unknown: mac android android_x86
2021-11-09 15:33:54,349 - aqt.archives - ERROR - archives 4541754880 Specified packages are not found while parsing XML of package information!
2021-11-09 15:34:26,304 - aqt.main - INFO - installer 4530818560 aqtinstall(aqt) v1.2.5 on Python 3.9.6 [CPython Clang 12.0.5 (clang-1205.0.22.9)]
2021-11-09 15:34:26,944 - aqt.installer - INFO - installer 4686925312 Downloading qtbase...
2021-11-09 15:34:26,949 - aqt.installer - DEBUG - installer 4686925312 Download URL: https://download.qt.io/online/qtsdkrepository/mac_x64/android/qt5_5142/qt.qt5.5142.android/5.14.2-0-202003291251qtbase-MacOS-MacOS_10_13-Clang-Android-Android_ANY-Multi.7z
2021-11-09 15:34:26,947 - aqt.installer - INFO - installer 4727979520 Downloading qttools...
2021-11-09 15:34:26,951 - aqt.installer - DEBUG - installer 4727979520 Download URL: https://download.qt.io/online/qtsdkrepository/mac_x64/android/qt5_5142/qt.qt5.5142.android/5.14.2-0-202003291251qttools-MacOS-MacOS_10_13-Clang-Android-Android_ANY-Multi.7z
2021-11-09 15:34:26,954 - aqt.installer - INFO - installer 4524879360 Downloading qtwebsockets...
2021-11-09 15:34:26,955 - aqt.installer - DEBUG - installer 4524879360 Download URL: https://download.qt.io/online/qtsdkrepository/mac_x64/android/qt5_5142/qt.qt5.5142.android/5.14.2-0-202003291251qtwebsockets-MacOS-MacOS_10_13-Clang-Android-Android_ANY-Multi.7z
2021-11-09 15:34:26,954 - aqt.installer - INFO - installer 4582067712 Downloading qtsvg...
2021-11-09 15:34:26,956 - aqt.installer - DEBUG - installer 4582067712 Download URL: https://download.qt.io/online/qtsdkrepository/mac_x64/android/qt5_5142/qt.qt5.5142.android/5.14.2-0-202003291251qtsvg-MacOS-MacOS_10_13-Clang-Android-Android_ANY-Multi.7z
2021-11-09 15:34:27,439 - aqt.installer - DEBUG - helper 4727979520 Asked to redirect(302) to: http://ftp.fau.de/qtproject/online/qtsdkrepository/mac_x64/android/qt5_5142/qt.qt5.5142.android/5.14.2-0-202003291251qttools-MacOS-MacOS_10_13-Clang-Android-Android_ANY-Multi.7z
2021-11-09 15:34:27,439 - aqt.installer - DEBUG - helper 4686925312 Asked to redirect(302) to: http://ftp.fau.de/qtproject/online/qtsdkrepository/mac_x64/android/qt5_5142/qt.qt5.5142.android/5.14.2-0-202003291251qtbase-MacOS-MacOS_10_13-Clang-Android-Android_ANY-Multi.7z
2021-11-09 15:34:27,439 - aqt.installer - DEBUG - helper 4582067712 Asked to redirect(302) to: http://ftp.fau.de/qtproject/online/qtsdkrepository/mac_x64/android/qt5_5142/qt.qt5.5142.android/5.14.2-0-202003291251qtsvg-MacOS-MacOS_10_13-Clang-Android-Android_ANY-Multi.7z
2021-11-09 15:34:27,439 - aqt.installer - DEBUG - helper 4524879360 Asked to redirect(302) to: http://ftp.fau.de/qtproject/online/qtsdkrepository/mac_x64/android/qt5_5142/qt.qt5.5142.android/5.14.2-0-202003291251qtwebsockets-MacOS-MacOS_10_13-Clang-Android-Android_ANY-Multi.7z
2021-11-09 15:34:27,439 - aqt.installer - INFO - helper 4727979520 Redirected: ftp.fau.de
2021-11-09 15:34:27,439 - aqt.installer - INFO - helper 4686925312 Redirected: ftp.fau.de
2021-11-09 15:34:27,439 - aqt.installer - INFO - helper 4582067712 Redirected: ftp.fau.de
2021-11-09 15:34:27,440 - aqt.installer - INFO - helper 4524879360 Redirected: ftp.fau.de
2021-11-09 15:34:27,783 - aqt.installer - INFO - installer 4524879360 Finished installation of qtwebsockets-MacOS-MacOS_10_13-Clang-Android-Android_ANY-Multi.7z in 0.83171131
2021-11-09 15:34:27,786 - aqt.installer - INFO - installer 4524879360 Downloading qtdeclarative...
2021-11-09 15:34:27,786 - aqt.installer - DEBUG - installer 4524879360 Download URL: https://download.qt.io/online/qtsdkrepository/mac_x64/android/qt5_5142/qt.qt5.5142.android/5.14.2-0-202003291251qtdeclarative-MacOS-MacOS_10_13-Clang-Android-Android_ANY-Multi.7z
2021-11-09 15:34:27,826 - aqt.installer - INFO - installer 4582067712 Finished installation of qtsvg-MacOS-MacOS_10_13-Clang-Android-Android_ANY-Multi.7z in 0.87404813
2021-11-09 15:34:27,829 - aqt.installer - INFO - installer 4582067712 Downloading qttranslations...
2021-11-09 15:34:27,829 - aqt.installer - DEBUG - installer 4582067712 Download URL: https://download.qt.io/online/qtsdkrepository/mac_x64/android/qt5_5142/qt.qt5.5142.android/5.14.2-0-202003291251qttranslations-MacOS-MacOS_10_13-Clang-Android-Android_ANY-Multi.7z
2021-11-09 15:34:28,231 - aqt.installer - DEBUG - helper 4524879360 Asked to redirect(302) to: http://ftp.fau.de/qtproject/online/qtsdkrepository/mac_x64/android/qt5_5142/qt.qt5.5142.android/5.14.2-0-202003291251qtdeclarative-MacOS-MacOS_10_13-Clang-Android-Android_ANY-Multi.7z
2021-11-09 15:34:28,231 - aqt.installer - INFO - helper 4524879360 Redirected: ftp.fau.de
2021-11-09 15:34:28,275 - aqt.installer - DEBUG - helper 4582067712 Asked to redirect(302) to: http://ftp.fau.de/qtproject/online/qtsdkrepository/mac_x64/android/qt5_5142/qt.qt5.5142.android/5.14.2-0-202003291251qttranslations-MacOS-MacOS_10_13-Clang-Android-Android_ANY-Multi.7z
2021-11-09 15:34:28,276 - aqt.installer - INFO - helper 4582067712 Redirected: ftp.fau.de
